2022-07-28 00:04:18 INFO     Started
2022-07-28 00:04:18 INFO     file_cache is only supported with oauth2client<4.0.0
2022-07-28 00:04:19 INFO     Finished
2022-07-28 00:11:12 INFO     Started
2022-07-28 00:11:12 INFO     file_cache is only supported with oauth2client<4.0.0
2022-07-28 00:11:13 INFO     Finished
2022-07-28 00:31:11 INFO     Started
2022-07-28 00:31:11 INFO     file_cache is only supported with oauth2client<4.0.0
2022-07-28 00:31:12 INFO     Order 1249708 exists, updating
2022-07-28 00:31:12 INFO     Order 1182407 exists, updating
2022-07-28 00:31:12 INFO     Order 1120833 exists, updating
2022-07-28 00:31:12 INFO     Order 1060503 exists, updating
2022-07-28 00:31:12 INFO     Order 1617397 exists, updating
2022-07-28 00:31:12 INFO     Order 1135907 exists, updating
2022-07-28 00:31:12 INFO     Order 1235370 exists, updating
2022-07-28 00:31:12 INFO     Order 1329994 exists, updating
2022-07-28 00:31:12 INFO     Order 1876515 exists, updating
2022-07-28 00:31:12 INFO     Order 1835607 exists, updating
2022-07-28 00:31:12 INFO     Order 1465034 exists, updating
2022-07-28 00:31:12 INFO     Order 1077923 exists, updating
2022-07-28 00:31:12 INFO     Order 1968041 exists, updating
2022-07-28 00:31:12 INFO     Order 1682035 exists, updating
2022-07-28 00:31:12 INFO     Order 1911795 exists, updating
2022-07-28 00:31:12 INFO     Order 1028782 exists, updating
2022-07-28 00:31:12 INFO     Order 1686040 exists, updating
2022-07-28 00:31:12 INFO     Order 1917698 exists, updating
2022-07-28 00:31:12 INFO     Order 1888432 exists, updating
2022-07-28 00:31:12 INFO     Order 1430015 exists, updating
2022-07-28 00:31:12 INFO     Order 1938886 exists, updating
2022-07-28 00:31:12 INFO     Order 1968437 exists, updating
2022-07-28 00:31:12 INFO     Order 1339024 exists, updating
2022-07-28 00:31:12 INFO     Order 1832176 exists, updating
2022-07-28 00:31:12 INFO     Order 1554847 exists, updating
2022-07-28 00:31:12 INFO     Order 1519872 exists, updating
2022-07-28 00:31:12 INFO     Order 1241924 exists, updating
2022-07-28 00:31:12 INFO     Order 1208915 exists, updating
2022-07-28 00:31:12 INFO     Order 1733144 exists, updating
2022-07-28 00:31:12 INFO     Order 1773045 exists, updating
2022-07-28 00:31:12 INFO     Order 1581192 exists, updating
2022-07-28 00:31:12 INFO     Order 1021563 exists, updating
2022-07-28 00:31:12 INFO     Order 1844121 exists, updating
2022-07-28 00:31:12 INFO     Order 1089979 exists, updating
2022-07-28 00:31:12 INFO     Order 1465628 exists, updating
2022-07-28 00:31:12 INFO     Order 1615303 exists, updating
2022-07-28 00:31:12 INFO     Order 1915966 exists, updating
2022-07-28 00:31:12 INFO     Order 1287751 exists, updating
2022-07-28 00:31:12 INFO     Order 1498932 exists, updating
2022-07-28 00:31:12 INFO     Order 1897398 exists, updating
2022-07-28 00:31:12 INFO     Order 1810448 exists, updating
2022-07-28 00:31:12 INFO     Order 1168728 exists, updating
2022-07-28 00:31:12 INFO     Order 1560222 exists, updating
2022-07-28 00:31:12 INFO     Order 1592686 exists, updating
2022-07-28 00:31:12 INFO     Order 1786437 exists, updating
2022-07-28 00:31:12 INFO     Order 1485012 exists, updating
2022-07-28 00:31:12 INFO     Order 1741017 exists, updating
2022-07-28 00:31:12 INFO     Order 1497493 exists, updating
2022-07-28 00:31:12 INFO     Order 1877503 exists, updating
2022-07-28 00:31:12 INFO     Order 1426726 exists, updating
2022-07-28 00:31:12 INFO     Finished
2022-07-28 00:32:40 INFO     Started
2022-07-28 00:32:40 INFO     file_cache is only supported with oauth2client<4.0.0
2022-07-28 00:32:40 INFO     Order 1249708 exists, updating
2022-07-28 00:32:40 INFO     Order 1182407 exists, updating
2022-07-28 00:32:41 INFO     Order 1120833 exists, updating
2022-07-28 00:32:41 INFO     Order 1060503 exists, updating
2022-07-28 00:32:41 INFO     Order 1617397 exists, updating
2022-07-28 00:32:41 INFO     Order 1135907 exists, updating
2022-07-28 00:32:41 INFO     Order 1235370 exists, updating
2022-07-28 00:32:41 INFO     Order 1329994 exists, updating
2022-07-28 00:32:41 INFO     Order 1876515 exists, updating
2022-07-28 00:32:41 INFO     Order 1835607 exists, updating
2022-07-28 00:32:41 INFO     Order 1465034 exists, updating
2022-07-28 00:32:41 INFO     Order 1077923 exists, updating
2022-07-28 00:32:41 INFO     Order 1968041 exists, updating
2022-07-28 00:32:41 INFO     Order 1682035 exists, updating
2022-07-28 00:32:41 INFO     Order 1911795 exists, updating
2022-07-28 00:32:41 INFO     Order 1028782 exists, updating
2022-07-28 00:32:41 INFO     Order 1686040 exists, updating
2022-07-28 00:32:41 INFO     Order 1917698 exists, updating
2022-07-28 00:32:41 INFO     Order 1888432 exists, updating
2022-07-28 00:32:41 INFO     Order 1430015 exists, updating
2022-07-28 00:32:41 INFO     Order 1938886 exists, updating
2022-07-28 00:32:41 INFO     Order 1968437 exists, updating
2022-07-28 00:32:41 INFO     Order 1339024 exists, updating
2022-07-28 00:32:41 INFO     Order 1832176 exists, updating
2022-07-28 00:32:41 INFO     Order 1554847 exists, updating
2022-07-28 00:32:41 INFO     Order 1519872 exists, updating
2022-07-28 00:32:41 INFO     Order 1241924 exists, updating
2022-07-28 00:32:41 INFO     Order 1208915 exists, updating
2022-07-28 00:32:41 INFO     Order 1733144 exists, updating
2022-07-28 00:32:41 INFO     Order 1773045 exists, updating
2022-07-28 00:32:41 INFO     Order 1581192 exists, updating
2022-07-28 00:32:41 INFO     Order 1021563 exists, updating
2022-07-28 00:32:41 INFO     Order 1844121 exists, updating
2022-07-28 00:32:41 INFO     Order 1089979 exists, updating
2022-07-28 00:32:41 INFO     Order 1465628 exists, updating
2022-07-28 00:32:41 INFO     Order 1615303 exists, updating
2022-07-28 00:32:41 INFO     Order 1915966 exists, updating
2022-07-28 00:32:41 INFO     Order 1287751 exists, updating
2022-07-28 00:32:41 INFO     Order 1498932 exists, updating
2022-07-28 00:32:41 INFO     Order 1897398 exists, updating
2022-07-28 00:32:41 INFO     Order 1810448 exists, updating
2022-07-28 00:32:41 INFO     Order 1168728 exists, updating
2022-07-28 00:32:41 INFO     Order 1560222 exists, updating
2022-07-28 00:32:41 INFO     Order 1592686 exists, updating
2022-07-28 00:32:41 INFO     Order 1786437 exists, updating
2022-07-28 00:32:41 INFO     Order 1485012 exists, updating
2022-07-28 00:32:41 INFO     Order 1741017 exists, updating
2022-07-28 00:32:41 INFO     Order 1497493 exists, updating
2022-07-28 00:32:41 INFO     Order 1877503 exists, updating
2022-07-28 00:32:41 INFO     Order 1426726 exists, updating
2022-07-28 00:33:39 INFO     Started
2022-07-28 00:33:39 INFO     file_cache is only supported with oauth2client<4.0.0
2022-07-28 00:33:40 INFO     Order 1249708 exists, updating
2022-07-28 00:33:40 INFO     Order 1182407 exists, updating
2022-07-28 00:33:40 INFO     Order 1120833 exists, updating
2022-07-28 00:33:40 INFO     Order 1060503 exists, updating
2022-07-28 00:33:40 INFO     Order 1617397 exists, updating
2022-07-28 00:33:40 INFO     Order 1135907 exists, updating
2022-07-28 00:33:40 INFO     Order 1235370 exists, updating
2022-07-28 00:33:40 INFO     Order 1329994 exists, updating
2022-07-28 00:33:40 INFO     Order 1876515 exists, updating
2022-07-28 00:33:40 INFO     Order 1835607 exists, updating
2022-07-28 00:33:40 INFO     Order 1465034 exists, updating
2022-07-28 00:33:40 INFO     Order 1077923 exists, updating
2022-07-28 00:33:40 INFO     Order 1968041 exists, updating
2022-07-28 00:33:40 INFO     Order 1682035 exists, updating
2022-07-28 00:33:40 INFO     Order 1911795 exists, updating
2022-07-28 00:33:40 INFO     Order 1028782 exists, updating
2022-07-28 00:33:40 INFO     Order 1686040 exists, updating
2022-07-28 00:33:40 INFO     Order 1917698 exists, updating
2022-07-28 00:33:40 INFO     Order 1888432 exists, updating
2022-07-28 00:33:40 INFO     Order 1430015 exists, updating
2022-07-28 00:33:40 INFO     Order 1938886 exists, updating
2022-07-28 00:33:40 INFO     Order 1968437 exists, updating
2022-07-28 00:33:40 INFO     Order 1339024 exists, updating
2022-07-28 00:33:40 INFO     Order 1832176 exists, updating
2022-07-28 00:33:40 INFO     Order 1554847 exists, updating
2022-07-28 00:33:40 INFO     Order 1519872 exists, updating
2022-07-28 00:33:40 INFO     Order 1241924 exists, updating
2022-07-28 00:33:40 INFO     Order 1208915 exists, updating
2022-07-28 00:33:40 INFO     Order 1733144 exists, updating
2022-07-28 00:33:40 INFO     Order 1773045 exists, updating
2022-07-28 00:33:40 INFO     Order 1581192 exists, updating
2022-07-28 00:33:40 INFO     Order 1021563 exists, updating
2022-07-28 00:33:40 INFO     Order 1844121 exists, updating
2022-07-28 00:33:40 INFO     Order 1089979 exists, updating
2022-07-28 00:33:40 INFO     Order 1465628 exists, updating
2022-07-28 00:33:40 INFO     Order 1615303 exists, updating
2022-07-28 00:33:40 INFO     Order 1915966 exists, updating
2022-07-28 00:33:40 INFO     Order 1287751 exists, updating
2022-07-28 00:33:40 INFO     Order 1498932 exists, updating
2022-07-28 00:33:40 INFO     Order 1897398 exists, updating
2022-07-28 00:33:40 INFO     Order 1810448 exists, updating
2022-07-28 00:33:40 INFO     Order 1168728 exists, updating
2022-07-28 00:33:40 INFO     Order 1560222 exists, updating
2022-07-28 00:33:40 INFO     Order 1592686 exists, updating
2022-07-28 00:33:40 INFO     Order 1786437 exists, updating
2022-07-28 00:33:40 INFO     Order 1485012 exists, updating
2022-07-28 00:33:40 INFO     Order 1741017 exists, updating
2022-07-28 00:33:40 INFO     Order 1497493 exists, updating
2022-07-28 00:33:40 INFO     Order 1877503 exists, updating
2022-07-28 00:33:40 INFO     Order 1426726 exists, updating
2022-07-28 00:42:18 INFO     Started
2022-07-28 00:42:18 INFO     file_cache is only supported with oauth2client<4.0.0
2022-07-28 00:42:18 INFO     Order 1249708 exists, updating
2022-07-28 00:42:18 INFO     Order 1182407 exists, updating
2022-07-28 00:42:18 INFO     Order 1120833 exists, updating
2022-07-28 00:42:19 INFO     Order 1060503 exists, updating
2022-07-28 00:42:19 INFO     Order 1617397 exists, updating
2022-07-28 00:42:19 INFO     Order 1135907 exists, updating
2022-07-28 00:42:19 INFO     Order 1235370 exists, updating
2022-07-28 00:42:19 INFO     Order 1329994 exists, updating
2022-07-28 00:42:19 INFO     Order 1876515 exists, updating
2022-07-28 00:42:19 INFO     Order 1835607 exists, updating
2022-07-28 00:42:19 INFO     Order 1465034 exists, updating
2022-07-28 00:42:19 INFO     Order 1077923 exists, updating
2022-07-28 00:42:19 INFO     Order 1968041 exists, updating
2022-07-28 00:42:19 INFO     Order 1682035 exists, updating
2022-07-28 00:42:19 INFO     Order 1911795 exists, updating
2022-07-28 00:42:19 INFO     Order 1028782 exists, updating
2022-07-28 00:42:19 INFO     Order 1686040 exists, updating
2022-07-28 00:42:19 INFO     Order 1917698 exists, updating
2022-07-28 00:42:19 INFO     Order 1888432 exists, updating
2022-07-28 00:42:19 INFO     Order 1430015 exists, updating
2022-07-28 00:42:19 INFO     Order 1938886 exists, updating
2022-07-28 00:42:19 INFO     Order 1968437 exists, updating
2022-07-28 00:42:19 INFO     Order 1339024 exists, updating
2022-07-28 00:42:19 INFO     Order 1832176 exists, updating
2022-07-28 00:42:19 INFO     Order 1554847 exists, updating
2022-07-28 00:42:19 INFO     Order 1519872 exists, updating
2022-07-28 00:42:19 INFO     Order 1241924 exists, updating
2022-07-28 00:42:19 INFO     Order 1208915 exists, updating
2022-07-28 00:42:19 INFO     Order 1733144 exists, updating
2022-07-28 00:42:19 INFO     Order 1773045 exists, updating
2022-07-28 00:42:19 INFO     Order 1581192 exists, updating
2022-07-28 00:42:19 INFO     Order 1021563 exists, updating
2022-07-28 00:42:19 INFO     Order 1844121 exists, updating
2022-07-28 00:42:19 INFO     Order 1089979 exists, updating
2022-07-28 00:42:19 INFO     Order 1465628 exists, updating
2022-07-28 00:42:19 INFO     Order 1615303 exists, updating
2022-07-28 00:42:19 INFO     Order 1915966 exists, updating
2022-07-28 00:42:19 INFO     Order 1287751 exists, updating
2022-07-28 00:42:19 INFO     Order 1498932 exists, updating
2022-07-28 00:42:19 INFO     Order 1897398 exists, updating
2022-07-28 00:42:19 INFO     Order 1810448 exists, updating
2022-07-28 00:42:19 INFO     Order 1168728 exists, updating
2022-07-28 00:42:19 INFO     Order 1560222 exists, updating
2022-07-28 00:42:19 INFO     Order 1592686 exists, updating
2022-07-28 00:42:19 INFO     Order 1786437 exists, updating
2022-07-28 00:42:19 INFO     Order 1485012 exists, updating
2022-07-28 00:42:19 INFO     Order 1741017 exists, updating
2022-07-28 00:42:19 INFO     Order 1497493 exists, updating
2022-07-28 00:42:19 INFO     Order 1877503 exists, updating
2022-07-28 00:42:19 INFO     Order 1426726 exists, updating
2022-07-28 00:42:19 INFO     Order 1426728 doesnt exist, adding
2022-07-28 00:42:19 INFO     Finished
